2015-09-08 13:11:25,053 [main] ERROR org.eclipse.jgit.util.FS - Caught exception in FS.readPipe()
java.io.IOException: Cannot run program "bash" (in directory "C:\Users\Windows"): CreateProcess error=2, O sistema não pode encontrar o arquivo especificado
	at java.lang.ProcessBuilder.start(Unknown Source) ~[na:1.8.0_60]
	at java.lang.Runtime.exec(Unknown Source) ~[na:1.8.0_60]
	at org.eclipse.jgit.util.FS.readPipe(FS.java:431) [org.eclipse.jgit_3.7.0.201502260915-r.jar:3.7.0.201502260915-r]
	at org.eclipse.jgit.util.FS_Win32.discoverGitPrefix(FS_Win32.java:113) [org.eclipse.jgit_3.7.0.201502260915-r.jar:3.7.0.201502260915-r]
	at org.eclipse.jgit.util.FS.gitPrefix(FS.java:517) [org.eclipse.jgit_3.7.0.201502260915-r.jar:3.7.0.201502260915-r]
	at org.eclipse.egit.ui.internal.ConfigurationChecker.checkGitPrefix(ConfigurationChecker.java:69) [org.eclipse.egit.ui_3.7.0.201502260915-r.jar:na]
	at org.eclipse.egit.ui.internal.ConfigurationChecker.check(ConfigurationChecker.java:61) [org.eclipse.egit.ui_3.7.0.201502260915-r.jar:na]
	at org.eclipse.egit.ui.internal.ConfigurationChecker.access$0(ConfigurationChecker.java:60) [org.eclipse.egit.ui_3.7.0.201502260915-r.jar:na]
	at org.eclipse.egit.ui.internal.ConfigurationChecker$1$1.run(ConfigurationChecker.java:48) [org.eclipse.egit.ui_3.7.0.201502260915-r.jar:na]
	at org.eclipse.swt.widgets.RunnableLock.run(RunnableLock.java:35) [org.eclipse.swt.win32.win32.x86_64_3.103.2.v20150203-1351.jar:na]
	at org.eclipse.swt.widgets.Synchronizer.runAsyncMessages(Synchronizer.java:136) [org.eclipse.swt.win32.win32.x86_64_3.103.2.v20150203-1351.jar:na]
	at org.eclipse.swt.widgets.Display.runAsyncMessages(Display.java:4147) [org.eclipse.swt.win32.win32.x86_64_3.103.2.v20150203-1351.jar:na]
	at org.eclipse.swt.widgets.Display.readAndDispatch(Display.java:3764) [org.eclipse.swt.win32.win32.x86_64_3.103.2.v20150203-1351.jar:na]
	at org.eclipse.e4.ui.internal.workbench.swt.PartRenderingEngine$9.run(PartRenderingEngine.java:1151) [org.eclipse.e4.ui.workbench.swt_0.12.100.v20141126-1150.jar:na]
	at org.eclipse.core.databinding.observable.Realm.runWithDefault(Realm.java:332) [org.eclipse.core.databinding.observable_1.4.1.v20140210-1835.jar:na]
	at org.eclipse.e4.ui.internal.workbench.swt.PartRenderingEngine.run(PartRenderingEngine.java:1032) [org.eclipse.e4.ui.workbench.swt_0.12.100.v20141126-1150.jar:na]
	at org.eclipse.e4.ui.internal.workbench.E4Workbench.createAndRunUI(E4Workbench.java:148) [org.eclipse.e4.ui.workbench_1.2.2.v20141212-1259.jar:na]
	at org.eclipse.ui.internal.Workbench$5.run(Workbench.java:636) [org.eclipse.ui.workbench_3.106.2.v20150204-1030.jar:na]
	at org.eclipse.core.databinding.observable.Realm.runWithDefault(Realm.java:332) [org.eclipse.core.databinding.observable_1.4.1.v20140210-1835.jar:na]
	at org.eclipse.ui.internal.Workbench.createAndRunWorkbench(Workbench.java:579) [org.eclipse.ui.workbench_3.106.2.v20150204-1030.jar:na]
	at org.eclipse.ui.PlatformUI.createAndRunWorkbench(PlatformUI.java:150) [org.eclipse.ui.workbench_3.106.2.v20150204-1030.jar:na]
	at org.eclipse.ui.internal.ide.application.IDEApplication.start(IDEApplication.java:135) [org.eclipse.ui.ide.application_1.0.501.v20141111-1238.jar:na]
	at org.eclipse.equinox.internal.app.EclipseAppHandle.run(EclipseAppHandle.java:196) [org.eclipse.equinox.app_1.3.200.v20130910-1609.jar:na]
	at org.eclipse.core.runtime.internal.adaptor.EclipseAppLauncher.runApplication(EclipseAppLauncher.java:134) [org.eclipse.osgi_3.10.2.v20150203-1939.jar:na]
	at org.eclipse.core.runtime.internal.adaptor.EclipseAppLauncher.start(EclipseAppLauncher.java:104) [org.eclipse.osgi_3.10.2.v20150203-1939.jar:na]
	at org.eclipse.core.runtime.adaptor.EclipseStarter.run(EclipseStarter.java:380) [org.eclipse.osgi_3.10.2.v20150203-1939.jar:na]
	at org.eclipse.core.runtime.adaptor.EclipseStarter.run(EclipseStarter.java:235) [org.eclipse.osgi_3.10.2.v20150203-1939.jar:na]
	at sun.reflect.NativeMethodAccessorImpl.invoke0(Native Method) ~[na:1.8.0_60]
	at sun.reflect.NativeMethodAccessorImpl.invoke(Unknown Source) ~[na:1.8.0_60]
	at sun.reflect.DelegatingMethodAccessorImpl.invoke(Unknown Source) ~[na:1.8.0_60]
	at java.lang.reflect.Method.invoke(Unknown Source) ~[na:1.8.0_60]
	at org.eclipse.equinox.launcher.Main.invokeFramework(Main.java:648) [org.eclipse.equinox.launcher_1.3.0.v20140415-2008.jar:na]
	at org.eclipse.equinox.launcher.Main.basicRun(Main.java:603) [org.eclipse.equinox.launcher_1.3.0.v20140415-2008.jar:na]
	at org.eclipse.equinox.launcher.Main.run(Main.java:1465) [org.eclipse.equinox.launcher_1.3.0.v20140415-2008.jar:na]
Caused by: java.io.IOException: CreateProcess error=2, O sistema não pode encontrar o arquivo especificado
	at java.lang.ProcessImpl.create(Native Method) ~[na:1.8.0_60]
	at java.lang.ProcessImpl.<init>(Unknown Source) ~[na:1.8.0_60]
	at java.lang.ProcessImpl.start(Unknown Source) ~[na:1.8.0_60]
	... 34 common frames omitted
2015-09-10 13:46:06,404 [main] ERROR org.eclipse.jgit.util.FS - Caught exception in FS.readPipe()
java.io.IOException: Cannot run program "bash" (in directory "C:\Users\Windows"): CreateProcess error=2, O sistema não pode encontrar o arquivo especificado
	at java.lang.ProcessBuilder.start(Unknown Source) ~[na:1.8.0_60]
	at java.lang.Runtime.exec(Unknown Source) ~[na:1.8.0_60]
	at org.eclipse.jgit.util.FS.readPipe(FS.java:431) [org.eclipse.jgit_3.7.0.201502260915-r.jar:3.7.0.201502260915-r]
	at org.eclipse.jgit.util.FS_Win32.discoverGitPrefix(FS_Win32.java:113) [org.eclipse.jgit_3.7.0.201502260915-r.jar:3.7.0.201502260915-r]
	at org.eclipse.jgit.util.FS.gitPrefix(FS.java:517) [org.eclipse.jgit_3.7.0.201502260915-r.jar:3.7.0.201502260915-r]
	at org.eclipse.egit.ui.internal.ConfigurationChecker.checkGitPrefix(ConfigurationChecker.java:69) [org.eclipse.egit.ui_3.7.0.201502260915-r.jar:na]
	at org.eclipse.egit.ui.internal.ConfigurationChecker.check(ConfigurationChecker.java:61) [org.eclipse.egit.ui_3.7.0.201502260915-r.jar:na]
	at org.eclipse.egit.ui.internal.ConfigurationChecker.access$0(ConfigurationChecker.java:60) [org.eclipse.egit.ui_3.7.0.201502260915-r.jar:na]
	at org.eclipse.egit.ui.internal.ConfigurationChecker$1$1.run(ConfigurationChecker.java:48) [org.eclipse.egit.ui_3.7.0.201502260915-r.jar:na]
	at org.eclipse.swt.widgets.RunnableLock.run(RunnableLock.java:35) [org.eclipse.swt.win32.win32.x86_64_3.103.2.v20150203-1351.jar:na]
	at org.eclipse.swt.widgets.Synchronizer.runAsyncMessages(Synchronizer.java:136) [org.eclipse.swt.win32.win32.x86_64_3.103.2.v20150203-1351.jar:na]
	at org.eclipse.swt.widgets.Display.runAsyncMessages(Display.java:4147) [org.eclipse.swt.win32.win32.x86_64_3.103.2.v20150203-1351.jar:na]
	at org.eclipse.swt.widgets.Display.readAndDispatch(Display.java:3764) [org.eclipse.swt.win32.win32.x86_64_3.103.2.v20150203-1351.jar:na]
	at org.eclipse.e4.ui.internal.workbench.swt.PartRenderingEngine$9.run(PartRenderingEngine.java:1151) [org.eclipse.e4.ui.workbench.swt_0.12.100.v20141126-1150.jar:na]
	at org.eclipse.core.databinding.observable.Realm.runWithDefault(Realm.java:332) [org.eclipse.core.databinding.observable_1.4.1.v20140210-1835.jar:na]
	at org.eclipse.e4.ui.internal.workbench.swt.PartRenderingEngine.run(PartRenderingEngine.java:1032) [org.eclipse.e4.ui.workbench.swt_0.12.100.v20141126-1150.jar:na]
	at org.eclipse.e4.ui.internal.workbench.E4Workbench.createAndRunUI(E4Workbench.java:148) [org.eclipse.e4.ui.workbench_1.2.2.v20141212-1259.jar:na]
	at org.eclipse.ui.internal.Workbench$5.run(Workbench.java:636) [org.eclipse.ui.workbench_3.106.2.v20150204-1030.jar:na]
	at org.eclipse.core.databinding.observable.Realm.runWithDefault(Realm.java:332) [org.eclipse.core.databinding.observable_1.4.1.v20140210-1835.jar:na]
	at org.eclipse.ui.internal.Workbench.createAndRunWorkbench(Workbench.java:579) [org.eclipse.ui.workbench_3.106.2.v20150204-1030.jar:na]
	at org.eclipse.ui.PlatformUI.createAndRunWorkbench(PlatformUI.java:150) [org.eclipse.ui.workbench_3.106.2.v20150204-1030.jar:na]
	at org.eclipse.ui.internal.ide.application.IDEApplication.start(IDEApplication.java:135) [org.eclipse.ui.ide.application_1.0.501.v20141111-1238.jar:na]
	at org.eclipse.equinox.internal.app.EclipseAppHandle.run(EclipseAppHandle.java:196) [org.eclipse.equinox.app_1.3.200.v20130910-1609.jar:na]
	at org.eclipse.core.runtime.internal.adaptor.EclipseAppLauncher.runApplication(EclipseAppLauncher.java:134) [org.eclipse.osgi_3.10.2.v20150203-1939.jar:na]
	at org.eclipse.core.runtime.internal.adaptor.EclipseAppLauncher.start(EclipseAppLauncher.java:104) [org.eclipse.osgi_3.10.2.v20150203-1939.jar:na]
	at org.eclipse.core.runtime.adaptor.EclipseStarter.run(EclipseStarter.java:380) [org.eclipse.osgi_3.10.2.v20150203-1939.jar:na]
	at org.eclipse.core.runtime.adaptor.EclipseStarter.run(EclipseStarter.java:235) [org.eclipse.osgi_3.10.2.v20150203-1939.jar:na]
	at sun.reflect.NativeMethodAccessorImpl.invoke0(Native Method) ~[na:1.8.0_60]
	at sun.reflect.NativeMethodAccessorImpl.invoke(Unknown Source) ~[na:1.8.0_60]
	at sun.reflect.DelegatingMethodAccessorImpl.invoke(Unknown Source) ~[na:1.8.0_60]
	at java.lang.reflect.Method.invoke(Unknown Source) ~[na:1.8.0_60]
	at org.eclipse.equinox.launcher.Main.invokeFramework(Main.java:648) [org.eclipse.equinox.launcher_1.3.0.v20140415-2008.jar:na]
	at org.eclipse.equinox.launcher.Main.basicRun(Main.java:603) [org.eclipse.equinox.launcher_1.3.0.v20140415-2008.jar:na]
	at org.eclipse.equinox.launcher.Main.run(Main.java:1465) [org.eclipse.equinox.launcher_1.3.0.v20140415-2008.jar:na]
Caused by: java.io.IOException: CreateProcess error=2, O sistema não pode encontrar o arquivo especificado
	at java.lang.ProcessImpl.create(Native Method) ~[na:1.8.0_60]
	at java.lang.ProcessImpl.<init>(Unknown Source) ~[na:1.8.0_60]
	at java.lang.ProcessImpl.start(Unknown Source) ~[na:1.8.0_60]
	... 34 common frames omitted
2015-09-10 13:48:38,858 [main] ERROR org.eclipse.jgit.util.FS - Caught exception in FS.readPipe()
java.io.IOException: Cannot run program "bash" (in directory "C:\Users\Windows"): CreateProcess error=2, O sistema não pode encontrar o arquivo especificado
	at java.lang.ProcessBuilder.start(Unknown Source) ~[na:1.8.0_60]
	at java.lang.Runtime.exec(Unknown Source) ~[na:1.8.0_60]
	at org.eclipse.jgit.util.FS.readPipe(FS.java:431) [org.eclipse.jgit_3.7.0.201502260915-r.jar:3.7.0.201502260915-r]
	at org.eclipse.jgit.util.FS_Win32.discoverGitPrefix(FS_Win32.java:113) [org.eclipse.jgit_3.7.0.201502260915-r.jar:3.7.0.201502260915-r]
	at org.eclipse.jgit.util.FS.gitPrefix(FS.java:517) [org.eclipse.jgit_3.7.0.201502260915-r.jar:3.7.0.201502260915-r]
	at org.eclipse.egit.ui.internal.ConfigurationChecker.checkGitPrefix(ConfigurationChecker.java:69) [org.eclipse.egit.ui_3.7.0.201502260915-r.jar:na]
	at org.eclipse.egit.ui.internal.ConfigurationChecker.check(ConfigurationChecker.java:61) [org.eclipse.egit.ui_3.7.0.201502260915-r.jar:na]
	at org.eclipse.egit.ui.internal.ConfigurationChecker.access$0(ConfigurationChecker.java:60) [org.eclipse.egit.ui_3.7.0.201502260915-r.jar:na]
	at org.eclipse.egit.ui.internal.ConfigurationChecker$1$1.run(ConfigurationChecker.java:48) [org.eclipse.egit.ui_3.7.0.201502260915-r.jar:na]
	at org.eclipse.swt.widgets.RunnableLock.run(RunnableLock.java:35) [org.eclipse.swt.win32.win32.x86_64_3.103.2.v20150203-1351.jar:na]
	at org.eclipse.swt.widgets.Synchronizer.runAsyncMessages(Synchronizer.java:136) [org.eclipse.swt.win32.win32.x86_64_3.103.2.v20150203-1351.jar:na]
	at org.eclipse.swt.widgets.Display.runAsyncMessages(Display.java:4147) [org.eclipse.swt.win32.win32.x86_64_3.103.2.v20150203-1351.jar:na]
	at org.eclipse.swt.widgets.Display.readAndDispatch(Display.java:3764) [org.eclipse.swt.win32.win32.x86_64_3.103.2.v20150203-1351.jar:na]
	at org.eclipse.e4.ui.internal.workbench.swt.PartRenderingEngine$9.run(PartRenderingEngine.java:1151) [org.eclipse.e4.ui.workbench.swt_0.12.100.v20141126-1150.jar:na]
	at org.eclipse.core.databinding.observable.Realm.runWithDefault(Realm.java:332) [org.eclipse.core.databinding.observable_1.4.1.v20140210-1835.jar:na]
	at org.eclipse.e4.ui.internal.workbench.swt.PartRenderingEngine.run(PartRenderingEngine.java:1032) [org.eclipse.e4.ui.workbench.swt_0.12.100.v20141126-1150.jar:na]
	at org.eclipse.e4.ui.internal.workbench.E4Workbench.createAndRunUI(E4Workbench.java:148) [org.eclipse.e4.ui.workbench_1.2.2.v20141212-1259.jar:na]
	at org.eclipse.ui.internal.Workbench$5.run(Workbench.java:636) [org.eclipse.ui.workbench_3.106.2.v20150204-1030.jar:na]
	at org.eclipse.core.databinding.observable.Realm.runWithDefault(Realm.java:332) [org.eclipse.core.databinding.observable_1.4.1.v20140210-1835.jar:na]
	at org.eclipse.ui.internal.Workbench.createAndRunWorkbench(Workbench.java:579) [org.eclipse.ui.workbench_3.106.2.v20150204-1030.jar:na]
	at org.eclipse.ui.PlatformUI.createAndRunWorkbench(PlatformUI.java:150) [org.eclipse.ui.workbench_3.106.2.v20150204-1030.jar:na]
	at org.eclipse.ui.internal.ide.application.IDEApplication.start(IDEApplication.java:135) [org.eclipse.ui.ide.application_1.0.501.v20141111-1238.jar:na]
	at org.eclipse.equinox.internal.app.EclipseAppHandle.run(EclipseAppHandle.java:196) [org.eclipse.equinox.app_1.3.200.v20130910-1609.jar:na]
	at org.eclipse.core.runtime.internal.adaptor.EclipseAppLauncher.runApplication(EclipseAppLauncher.java:134) [org.eclipse.osgi_3.10.2.v20150203-1939.jar:na]
	at org.eclipse.core.runtime.internal.adaptor.EclipseAppLauncher.start(EclipseAppLauncher.java:104) [org.eclipse.osgi_3.10.2.v20150203-1939.jar:na]
	at org.eclipse.core.runtime.adaptor.EclipseStarter.run(EclipseStarter.java:380) [org.eclipse.osgi_3.10.2.v20150203-1939.jar:na]
	at org.eclipse.core.runtime.adaptor.EclipseStarter.run(EclipseStarter.java:235) [org.eclipse.osgi_3.10.2.v20150203-1939.jar:na]
	at sun.reflect.NativeMethodAccessorImpl.invoke0(Native Method) ~[na:1.8.0_60]
	at sun.reflect.NativeMethodAccessorImpl.invoke(Unknown Source) ~[na:1.8.0_60]
	at sun.reflect.DelegatingMethodAccessorImpl.invoke(Unknown Source) ~[na:1.8.0_60]
	at java.lang.reflect.Method.invoke(Unknown Source) ~[na:1.8.0_60]
	at org.eclipse.equinox.launcher.Main.invokeFramework(Main.java:648) [org.eclipse.equinox.launcher_1.3.0.v20140415-2008.jar:na]
	at org.eclipse.equinox.launcher.Main.basicRun(Main.java:603) [org.eclipse.equinox.launcher_1.3.0.v20140415-2008.jar:na]
	at org.eclipse.equinox.launcher.Main.run(Main.java:1465) [org.eclipse.equinox.launcher_1.3.0.v20140415-2008.jar:na]
Caused by: java.io.IOException: CreateProcess error=2, O sistema não pode encontrar o arquivo especificado
	at java.lang.ProcessImpl.create(Native Method) ~[na:1.8.0_60]
	at java.lang.ProcessImpl.<init>(Unknown Source) ~[na:1.8.0_60]
	at java.lang.ProcessImpl.start(Unknown Source) ~[na:1.8.0_60]
	... 34 common frames omitted
2015-09-10 13:51:03,013 [main] ERROR org.eclipse.jgit.util.FS - Caught exception in FS.readPipe()
java.io.IOException: Cannot run program "bash" (in directory "C:\Users\Windows"): CreateProcess error=2, O sistema não pode encontrar o arquivo especificado
	at java.lang.ProcessBuilder.start(Unknown Source) ~[na:1.8.0_60]
	at java.lang.Runtime.exec(Unknown Source) ~[na:1.8.0_60]
	at org.eclipse.jgit.util.FS.readPipe(FS.java:431) [org.eclipse.jgit_3.7.0.201502260915-r.jar:3.7.0.201502260915-r]
	at org.eclipse.jgit.util.FS_Win32.discoverGitPrefix(FS_Win32.java:113) [org.eclipse.jgit_3.7.0.201502260915-r.jar:3.7.0.201502260915-r]
	at org.eclipse.jgit.util.FS.gitPrefix(FS.java:517) [org.eclipse.jgit_3.7.0.201502260915-r.jar:3.7.0.201502260915-r]
	at org.eclipse.egit.ui.internal.ConfigurationChecker.checkGitPrefix(ConfigurationChecker.java:69) [org.eclipse.egit.ui_3.7.0.201502260915-r.jar:na]
	at org.eclipse.egit.ui.internal.ConfigurationChecker.check(ConfigurationChecker.java:61) [org.eclipse.egit.ui_3.7.0.201502260915-r.jar:na]
	at org.eclipse.egit.ui.internal.ConfigurationChecker.access$0(ConfigurationChecker.java:60) [org.eclipse.egit.ui_3.7.0.201502260915-r.jar:na]
	at org.eclipse.egit.ui.internal.ConfigurationChecker$1$1.run(ConfigurationChecker.java:48) [org.eclipse.egit.ui_3.7.0.201502260915-r.jar:na]
	at org.eclipse.swt.widgets.RunnableLock.run(RunnableLock.java:35) [org.eclipse.swt.win32.win32.x86_64_3.103.2.v20150203-1351.jar:na]
	at org.eclipse.swt.widgets.Synchronizer.runAsyncMessages(Synchronizer.java:136) [org.eclipse.swt.win32.win32.x86_64_3.103.2.v20150203-1351.jar:na]
	at org.eclipse.swt.widgets.Display.runAsyncMessages(Display.java:4147) [org.eclipse.swt.win32.win32.x86_64_3.103.2.v20150203-1351.jar:na]
	at org.eclipse.swt.widgets.Display.readAndDispatch(Display.java:3764) [org.eclipse.swt.win32.win32.x86_64_3.103.2.v20150203-1351.jar:na]
	at org.eclipse.e4.ui.internal.workbench.swt.PartRenderingEngine$9.run(PartRenderingEngine.java:1151) [org.eclipse.e4.ui.workbench.swt_0.12.100.v20141126-1150.jar:na]
	at org.eclipse.core.databinding.observable.Realm.runWithDefault(Realm.java:332) [org.eclipse.core.databinding.observable_1.4.1.v20140210-1835.jar:na]
	at org.eclipse.e4.ui.internal.workbench.swt.PartRenderingEngine.run(PartRenderingEngine.java:1032) [org.eclipse.e4.ui.workbench.swt_0.12.100.v20141126-1150.jar:na]
	at org.eclipse.e4.ui.internal.workbench.E4Workbench.createAndRunUI(E4Workbench.java:148) [org.eclipse.e4.ui.workbench_1.2.2.v20141212-1259.jar:na]
	at org.eclipse.ui.internal.Workbench$5.run(Workbench.java:636) [org.eclipse.ui.workbench_3.106.2.v20150204-1030.jar:na]
	at org.eclipse.core.databinding.observable.Realm.runWithDefault(Realm.java:332) [org.eclipse.core.databinding.observable_1.4.1.v20140210-1835.jar:na]
	at org.eclipse.ui.internal.Workbench.createAndRunWorkbench(Workbench.java:579) [org.eclipse.ui.workbench_3.106.2.v20150204-1030.jar:na]
	at org.eclipse.ui.PlatformUI.createAndRunWorkbench(PlatformUI.java:150) [org.eclipse.ui.workbench_3.106.2.v20150204-1030.jar:na]
	at org.eclipse.ui.internal.ide.application.IDEApplication.start(IDEApplication.java:135) [org.eclipse.ui.ide.application_1.0.501.v20141111-1238.jar:na]
	at org.eclipse.equinox.internal.app.EclipseAppHandle.run(EclipseAppHandle.java:196) [org.eclipse.equinox.app_1.3.200.v20130910-1609.jar:na]
	at org.eclipse.core.runtime.internal.adaptor.EclipseAppLauncher.runApplication(EclipseAppLauncher.java:134) [org.eclipse.osgi_3.10.2.v20150203-1939.jar:na]
	at org.eclipse.core.runtime.internal.adaptor.EclipseAppLauncher.start(EclipseAppLauncher.java:104) [org.eclipse.osgi_3.10.2.v20150203-1939.jar:na]
	at org.eclipse.core.runtime.adaptor.EclipseStarter.run(EclipseStarter.java:380) [org.eclipse.osgi_3.10.2.v20150203-1939.jar:na]
	at org.eclipse.core.runtime.adaptor.EclipseStarter.run(EclipseStarter.java:235) [org.eclipse.osgi_3.10.2.v20150203-1939.jar:na]
	at sun.reflect.NativeMethodAccessorImpl.invoke0(Native Method) ~[na:1.8.0_60]
	at sun.reflect.NativeMethodAccessorImpl.invoke(Unknown Source) ~[na:1.8.0_60]
	at sun.reflect.DelegatingMethodAccessorImpl.invoke(Unknown Source) ~[na:1.8.0_60]
	at java.lang.reflect.Method.invoke(Unknown Source) ~[na:1.8.0_60]
	at org.eclipse.equinox.launcher.Main.invokeFramework(Main.java:648) [org.eclipse.equinox.launcher_1.3.0.v20140415-2008.jar:na]
	at org.eclipse.equinox.launcher.Main.basicRun(Main.java:603) [org.eclipse.equinox.launcher_1.3.0.v20140415-2008.jar:na]
	at org.eclipse.equinox.launcher.Main.run(Main.java:1465) [org.eclipse.equinox.launcher_1.3.0.v20140415-2008.jar:na]
Caused by: java.io.IOException: CreateProcess error=2, O sistema não pode encontrar o arquivo especificado
	at java.lang.ProcessImpl.create(Native Method) ~[na:1.8.0_60]
	at java.lang.ProcessImpl.<init>(Unknown Source) ~[na:1.8.0_60]
	at java.lang.ProcessImpl.start(Unknown Source) ~[na:1.8.0_60]
	... 34 common frames omitted
2015-11-27 11:22:27,400 [main] ERROR org.eclipse.jgit.util.FS - Caught exception in FS.readPipe()
java.io.IOException: Cannot run program "bash" (in directory "C:\Users\Marcelo"): CreateProcess error=2, O sistema não pode encontrar o arquivo especificado
	at java.lang.ProcessBuilder.start(Unknown Source) ~[na:1.8.0_51]
	at java.lang.Runtime.exec(Unknown Source) ~[na:1.8.0_51]
	at org.eclipse.jgit.util.FS.readPipe(FS.java:431) [org.eclipse.jgit_3.7.0.201502260915-r.jar:3.7.0.201502260915-r]
	at org.eclipse.jgit.util.FS_Win32.discoverGitPrefix(FS_Win32.java:113) [org.eclipse.jgit_3.7.0.201502260915-r.jar:3.7.0.201502260915-r]
	at org.eclipse.jgit.util.FS.gitPrefix(FS.java:517) [org.eclipse.jgit_3.7.0.201502260915-r.jar:3.7.0.201502260915-r]
	at org.eclipse.egit.ui.internal.ConfigurationChecker.checkGitPrefix(ConfigurationChecker.java:69) [org.eclipse.egit.ui_3.7.0.201502260915-r.jar:na]
	at org.eclipse.egit.ui.internal.ConfigurationChecker.check(ConfigurationChecker.java:61) [org.eclipse.egit.ui_3.7.0.201502260915-r.jar:na]
	at org.eclipse.egit.ui.internal.ConfigurationChecker.access$0(ConfigurationChecker.java:60) [org.eclipse.egit.ui_3.7.0.201502260915-r.jar:na]
	at org.eclipse.egit.ui.internal.ConfigurationChecker$1$1.run(ConfigurationChecker.java:48) [org.eclipse.egit.ui_3.7.0.201502260915-r.jar:na]
	at org.eclipse.swt.widgets.RunnableLock.run(RunnableLock.java:35) [org.eclipse.swt.win32.win32.x86_64_3.103.2.v20150203-1351.jar:na]
	at org.eclipse.swt.widgets.Synchronizer.runAsyncMessages(Synchronizer.java:136) [org.eclipse.swt.win32.win32.x86_64_3.103.2.v20150203-1351.jar:na]
	at org.eclipse.swt.widgets.Display.runAsyncMessages(Display.java:4147) [org.eclipse.swt.win32.win32.x86_64_3.103.2.v20150203-1351.jar:na]
	at org.eclipse.swt.widgets.Display.readAndDispatch(Display.java:3764) [org.eclipse.swt.win32.win32.x86_64_3.103.2.v20150203-1351.jar:na]
	at org.eclipse.e4.ui.internal.workbench.swt.PartRenderingEngine$9.run(PartRenderingEngine.java:1151) [org.eclipse.e4.ui.workbench.swt_0.12.100.v20141126-1150.jar:na]
	at org.eclipse.core.databinding.observable.Realm.runWithDefault(Realm.java:332) [org.eclipse.core.databinding.observable_1.4.1.v20140210-1835.jar:na]
	at org.eclipse.e4.ui.internal.workbench.swt.PartRenderingEngine.run(PartRenderingEngine.java:1032) [org.eclipse.e4.ui.workbench.swt_0.12.100.v20141126-1150.jar:na]
	at org.eclipse.e4.ui.internal.workbench.E4Workbench.createAndRunUI(E4Workbench.java:148) [org.eclipse.e4.ui.workbench_1.2.2.v20141212-1259.jar:na]
	at org.eclipse.ui.internal.Workbench$5.run(Workbench.java:636) [org.eclipse.ui.workbench_3.106.2.v20150204-1030.jar:na]
	at org.eclipse.core.databinding.observable.Realm.runWithDefault(Realm.java:332) [org.eclipse.core.databinding.observable_1.4.1.v20140210-1835.jar:na]
	at org.eclipse.ui.internal.Workbench.createAndRunWorkbench(Workbench.java:579) [org.eclipse.ui.workbench_3.106.2.v20150204-1030.jar:na]
	at org.eclipse.ui.PlatformUI.createAndRunWorkbench(PlatformUI.java:150) [org.eclipse.ui.workbench_3.106.2.v20150204-1030.jar:na]
	at org.eclipse.ui.internal.ide.application.IDEApplication.start(IDEApplication.java:135) [org.eclipse.ui.ide.application_1.0.501.v20141111-1238.jar:na]
	at org.eclipse.equinox.internal.app.EclipseAppHandle.run(EclipseAppHandle.java:196) [org.eclipse.equinox.app_1.3.200.v20130910-1609.jar:na]
	at org.eclipse.core.runtime.internal.adaptor.EclipseAppLauncher.runApplication(EclipseAppLauncher.java:134) [org.eclipse.osgi_3.10.2.v20150203-1939.jar:na]
	at org.eclipse.core.runtime.internal.adaptor.EclipseAppLauncher.start(EclipseAppLauncher.java:104) [org.eclipse.osgi_3.10.2.v20150203-1939.jar:na]
	at org.eclipse.core.runtime.adaptor.EclipseStarter.run(EclipseStarter.java:380) [org.eclipse.osgi_3.10.2.v20150203-1939.jar:na]
	at org.eclipse.core.runtime.adaptor.EclipseStarter.run(EclipseStarter.java:235) [org.eclipse.osgi_3.10.2.v20150203-1939.jar:na]
	at sun.reflect.NativeMethodAccessorImpl.invoke0(Native Method) ~[na:1.8.0_51]
	at sun.reflect.NativeMethodAccessorImpl.invoke(Unknown Source) ~[na:1.8.0_51]
	at sun.reflect.DelegatingMethodAccessorImpl.invoke(Unknown Source) ~[na:1.8.0_51]
	at java.lang.reflect.Method.invoke(Unknown Source) ~[na:1.8.0_51]
	at org.eclipse.equinox.launcher.Main.invokeFramework(Main.java:648) [org.eclipse.equinox.launcher_1.3.0.v20140415-2008.jar:na]
	at org.eclipse.equinox.launcher.Main.basicRun(Main.java:603) [org.eclipse.equinox.launcher_1.3.0.v20140415-2008.jar:na]
	at org.eclipse.equinox.launcher.Main.run(Main.java:1465) [org.eclipse.equinox.launcher_1.3.0.v20140415-2008.jar:na]
Caused by: java.io.IOException: CreateProcess error=2, O sistema não pode encontrar o arquivo especificado
	at java.lang.ProcessImpl.create(Native Method) ~[na:1.8.0_51]
	at java.lang.ProcessImpl.<init>(Unknown Source) ~[na:1.8.0_51]
	at java.lang.ProcessImpl.start(Unknown Source) ~[na:1.8.0_51]
	... 34 common frames omitted
2016-01-29 20:14:41,370 [main] ERROR org.eclipse.jgit.util.FS - Caught exception in FS.readPipe()
java.io.IOException: Cannot run program "bash" (in directory "C:\Users\Marcelo"): CreateProcess error=2, O sistema não pode encontrar o arquivo especificado
	at java.lang.ProcessBuilder.start(Unknown Source) ~[na:1.8.0_71]
	at java.lang.Runtime.exec(Unknown Source) ~[na:1.8.0_71]
	at org.eclipse.jgit.util.FS.readPipe(FS.java:431) [org.eclipse.jgit_3.7.0.201502260915-r.jar:3.7.0.201502260915-r]
	at org.eclipse.jgit.util.FS_Win32.discoverGitPrefix(FS_Win32.java:113) [org.eclipse.jgit_3.7.0.201502260915-r.jar:3.7.0.201502260915-r]
	at org.eclipse.jgit.util.FS.gitPrefix(FS.java:517) [org.eclipse.jgit_3.7.0.201502260915-r.jar:3.7.0.201502260915-r]
	at org.eclipse.egit.ui.internal.ConfigurationChecker.checkGitPrefix(ConfigurationChecker.java:69) [org.eclipse.egit.ui_3.7.0.201502260915-r.jar:na]
	at org.eclipse.egit.ui.internal.ConfigurationChecker.check(ConfigurationChecker.java:61) [org.eclipse.egit.ui_3.7.0.201502260915-r.jar:na]
	at org.eclipse.egit.ui.internal.ConfigurationChecker.access$0(ConfigurationChecker.java:60) [org.eclipse.egit.ui_3.7.0.201502260915-r.jar:na]
	at org.eclipse.egit.ui.internal.ConfigurationChecker$1$1.run(ConfigurationChecker.java:48) [org.eclipse.egit.ui_3.7.0.201502260915-r.jar:na]
	at org.eclipse.swt.widgets.RunnableLock.run(RunnableLock.java:35) [org.eclipse.swt.win32.win32.x86_64_3.103.2.v20150203-1351.jar:na]
	at org.eclipse.swt.widgets.Synchronizer.runAsyncMessages(Synchronizer.java:136) [org.eclipse.swt.win32.win32.x86_64_3.103.2.v20150203-1351.jar:na]
	at org.eclipse.swt.widgets.Display.runAsyncMessages(Display.java:4147) [org.eclipse.swt.win32.win32.x86_64_3.103.2.v20150203-1351.jar:na]
	at org.eclipse.swt.widgets.Display.readAndDispatch(Display.java:3764) [org.eclipse.swt.win32.win32.x86_64_3.103.2.v20150203-1351.jar:na]
	at org.eclipse.e4.ui.internal.workbench.swt.PartRenderingEngine$9.run(PartRenderingEngine.java:1151) [org.eclipse.e4.ui.workbench.swt_0.12.100.v20141126-1150.jar:na]
	at org.eclipse.core.databinding.observable.Realm.runWithDefault(Realm.java:332) [org.eclipse.core.databinding.observable_1.4.1.v20140210-1835.jar:na]
	at org.eclipse.e4.ui.internal.workbench.swt.PartRenderingEngine.run(PartRenderingEngine.java:1032) [org.eclipse.e4.ui.workbench.swt_0.12.100.v20141126-1150.jar:na]
	at org.eclipse.e4.ui.internal.workbench.E4Workbench.createAndRunUI(E4Workbench.java:148) [org.eclipse.e4.ui.workbench_1.2.2.v20141212-1259.jar:na]
	at org.eclipse.ui.internal.Workbench$5.run(Workbench.java:636) [org.eclipse.ui.workbench_3.106.2.v20150204-1030.jar:na]
	at org.eclipse.core.databinding.observable.Realm.runWithDefault(Realm.java:332) [org.eclipse.core.databinding.observable_1.4.1.v20140210-1835.jar:na]
	at org.eclipse.ui.internal.Workbench.createAndRunWorkbench(Workbench.java:579) [org.eclipse.ui.workbench_3.106.2.v20150204-1030.jar:na]
	at org.eclipse.ui.PlatformUI.createAndRunWorkbench(PlatformUI.java:150) [org.eclipse.ui.workbench_3.106.2.v20150204-1030.jar:na]
	at org.eclipse.ui.internal.ide.application.IDEApplication.start(IDEApplication.java:135) [org.eclipse.ui.ide.application_1.0.501.v20141111-1238.jar:na]
	at org.eclipse.equinox.internal.app.EclipseAppHandle.run(EclipseAppHandle.java:196) [org.eclipse.equinox.app_1.3.200.v20130910-1609.jar:na]
	at org.eclipse.core.runtime.internal.adaptor.EclipseAppLauncher.runApplication(EclipseAppLauncher.java:134) [org.eclipse.osgi_3.10.2.v20150203-1939.jar:na]
	at org.eclipse.core.runtime.internal.adaptor.EclipseAppLauncher.start(EclipseAppLauncher.java:104) [org.eclipse.osgi_3.10.2.v20150203-1939.jar:na]
	at org.eclipse.core.runtime.adaptor.EclipseStarter.run(EclipseStarter.java:380) [org.eclipse.osgi_3.10.2.v20150203-1939.jar:na]
	at org.eclipse.core.runtime.adaptor.EclipseStarter.run(EclipseStarter.java:235) [org.eclipse.osgi_3.10.2.v20150203-1939.jar:na]
	at sun.reflect.NativeMethodAccessorImpl.invoke0(Native Method) ~[na:1.8.0_71]
	at sun.reflect.NativeMethodAccessorImpl.invoke(Unknown Source) ~[na:1.8.0_71]
	at sun.reflect.DelegatingMethodAccessorImpl.invoke(Unknown Source) ~[na:1.8.0_71]
	at java.lang.reflect.Method.invoke(Unknown Source) ~[na:1.8.0_71]
	at org.eclipse.equinox.launcher.Main.invokeFramework(Main.java:648) [org.eclipse.equinox.launcher_1.3.0.v20140415-2008.jar:na]
	at org.eclipse.equinox.launcher.Main.basicRun(Main.java:603) [org.eclipse.equinox.launcher_1.3.0.v20140415-2008.jar:na]
	at org.eclipse.equinox.launcher.Main.run(Main.java:1465) [org.eclipse.equinox.launcher_1.3.0.v20140415-2008.jar:na]
Caused by: java.io.IOException: CreateProcess error=2, O sistema não pode encontrar o arquivo especificado
	at java.lang.ProcessImpl.create(Native Method) ~[na:1.8.0_71]
	at java.lang.ProcessImpl.<init>(Unknown Source) ~[na:1.8.0_71]
	at java.lang.ProcessImpl.start(Unknown Source) ~[na:1.8.0_71]
	... 34 common frames omitted
2016-01-29 20:14:44,486 [Worker-0] ERROR o.e.m.c.i.p.r.ProjectRegistryReader - Can't read workspace state
java.io.InvalidClassException: org.eclipse.m2e.core.internal.project.registry.BasicProjectRegistry; local class incompatible: stream classdesc serialVersionUID = 5542512601401896748, local class serialVersionUID = 6232274446642339434
	at java.io.ObjectStreamClass.initNonProxy(Unknown Source) ~[na:1.8.0_71]
	at java.io.ObjectInputStream.readNonProxyDesc(Unknown Source) ~[na:1.8.0_71]
	at java.io.ObjectInputStream.readClassDesc(Unknown Source) ~[na:1.8.0_71]
	at java.io.ObjectInputStream.readNonProxyDesc(Unknown Source) ~[na:1.8.0_71]
	at java.io.ObjectInputStream.readClassDesc(Unknown Source) ~[na:1.8.0_71]
	at java.io.ObjectInputStream.readOrdinaryObject(Unknown Source) ~[na:1.8.0_71]
	at java.io.ObjectInputStream.readObject0(Unknown Source) ~[na:1.8.0_71]
	at java.io.ObjectInputStream.readObject(Unknown Source) ~[na:1.8.0_71]
	at org.eclipse.m2e.core.internal.project.registry.ProjectRegistryReader.readWorkspaceState(ProjectRegistryReader.java:100) ~[org.eclipse.m2e.core_1.6.2.20150902-0002.jar:na]
	at org.eclipse.m2e.core.internal.project.registry.ProjectRegistryManager.<init>(ProjectRegistryManager.java:163) [org.eclipse.m2e.core_1.6.2.20150902-0002.jar:na]
	at org.eclipse.m2e.core.internal.MavenPluginActivator.start(MavenPluginActivator.java:211) [org.eclipse.m2e.core_1.6.2.20150902-0002.jar:na]
	at org.eclipse.osgi.internal.framework.BundleContextImpl$3.run(BundleContextImpl.java:771) [org.eclipse.osgi_3.10.2.v20150203-1939.jar:na]
	at org.eclipse.osgi.internal.framework.BundleContextImpl$3.run(BundleContextImpl.java:1) [org.eclipse.osgi_3.10.2.v20150203-1939.jar:na]
	at java.security.AccessController.doPrivileged(Native Method) [na:1.8.0_71]
	at org.eclipse.osgi.internal.framework.BundleContextImpl.startActivator(BundleContextImpl.java:764) [org.eclipse.osgi_3.10.2.v20150203-1939.jar:na]
	at org.eclipse.osgi.internal.framework.BundleContextImpl.start(BundleContextImpl.java:721) [org.eclipse.osgi_3.10.2.v20150203-1939.jar:na]
	at org.eclipse.osgi.internal.framework.EquinoxBundle.startWorker0(EquinoxBundle.java:936) [org.eclipse.osgi_3.10.2.v20150203-1939.jar:na]
	at org.eclipse.osgi.internal.framework.EquinoxBundle$EquinoxModule.startWorker(EquinoxBundle.java:319) [org.eclipse.osgi_3.10.2.v20150203-1939.jar:na]
	at org.eclipse.osgi.container.Module.doStart(Module.java:571) [org.eclipse.osgi_3.10.2.v20150203-1939.jar:na]
	at org.eclipse.osgi.container.Module.start(Module.java:439) [org.eclipse.osgi_3.10.2.v20150203-1939.jar:na]
	at org.eclipse.osgi.framework.util.SecureAction.start(SecureAction.java:454) [org.eclipse.osgi_3.10.2.v20150203-1939.jar:na]
	at org.eclipse.osgi.internal.hooks.EclipseLazyStarter.postFindLocalClass(EclipseLazyStarter.java:107) [org.eclipse.osgi_3.10.2.v20150203-1939.jar:na]
	at org.eclipse.osgi.internal.loader.classpath.ClasspathManager.findLocalClass(ClasspathManager.java:531) [org.eclipse.osgi_3.10.2.v20150203-1939.jar:na]
	at org.eclipse.osgi.internal.loader.ModuleClassLoader.findLocalClass(ModuleClassLoader.java:324) [org.eclipse.osgi_3.10.2.v20150203-1939.jar:na]
	at org.eclipse.osgi.internal.loader.BundleLoader.findLocalClass(BundleLoader.java:320) [org.eclipse.osgi_3.10.2.v20150203-1939.jar:na]
	at org.eclipse.osgi.internal.loader.sources.SingleSourcePackage.loadClass(SingleSourcePackage.java:36) [org.eclipse.osgi_3.10.2.v20150203-1939.jar:na]
	at org.eclipse.osgi.internal.loader.BundleLoader.findClassInternal(BundleLoader.java:391) [org.eclipse.osgi_3.10.2.v20150203-1939.jar:na]
	at org.eclipse.osgi.internal.loader.BundleLoader.findClass(BundleLoader.java:345) [org.eclipse.osgi_3.10.2.v20150203-1939.jar:na]
	at org.eclipse.osgi.internal.loader.BundleLoader.findClass(BundleLoader.java:337) [org.eclipse.osgi_3.10.2.v20150203-1939.jar:na]
	at org.eclipse.osgi.internal.loader.ModuleClassLoader.loadClass(ModuleClassLoader.java:160) [org.eclipse.osgi_3.10.2.v20150203-1939.jar:na]
	at java.lang.ClassLoader.loadClass(Unknown Source) [na:1.8.0_71]
	at java.lang.Class.forName0(Native Method) [na:1.8.0_71]
	at java.lang.Class.forName(Unknown Source) [na:1.8.0_71]
	at org.springframework.ide.eclipse.maven.MavenCorePlugin.isPresent(MavenCorePlugin.java:57) [org.springframework.ide.eclipse.maven_3.7.2.201511260958-RELEASE.jar:na]
	at org.springframework.ide.eclipse.maven.MavenCorePlugin.<clinit>(MavenCorePlugin.java:52) [org.springframework.ide.eclipse.maven_3.7.2.201511260958-RELEASE.jar:na]
	at sun.reflect.NativeConstructorAccessorImpl.newInstance0(Native Method) [na:1.8.0_71]
	at sun.reflect.NativeConstructorAccessorImpl.newInstance(Unknown Source) [na:1.8.0_71]
	at sun.reflect.DelegatingConstructorAccessorImpl.newInstance(Unknown Source) [na:1.8.0_71]
	at java.lang.reflect.Constructor.newInstance(Unknown Source) [na:1.8.0_71]
	at java.lang.Class.newInstance(Unknown Source) [na:1.8.0_71]
	at org.eclipse.osgi.internal.framework.BundleContextImpl.loadBundleActivator(BundleContextImpl.java:755) [org.eclipse.osgi_3.10.2.v20150203-1939.jar:na]
	at org.eclipse.osgi.internal.framework.BundleContextImpl.start(BundleContextImpl.java:706) [org.eclipse.osgi_3.10.2.v20150203-1939.jar:na]
	at org.eclipse.osgi.internal.framework.EquinoxBundle.startWorker0(EquinoxBundle.java:936) [org.eclipse.osgi_3.10.2.v20150203-1939.jar:na]
	at org.eclipse.osgi.internal.framework.EquinoxBundle$EquinoxModule.startWorker(EquinoxBundle.java:319) [org.eclipse.osgi_3.10.2.v20150203-1939.jar:na]
	at org.eclipse.osgi.container.Module.doStart(Module.java:571) [org.eclipse.osgi_3.10.2.v20150203-1939.jar:na]
	at org.eclipse.osgi.container.Module.start(Module.java:439) [org.eclipse.osgi_3.10.2.v20150203-1939.jar:na]
	at org.eclipse.osgi.framework.util.SecureAction.start(SecureAction.java:454) [org.eclipse.osgi_3.10.2.v20150203-1939.jar:na]
	at org.eclipse.osgi.internal.hooks.EclipseLazyStarter.postFindLocalClass(EclipseLazyStarter.java:107) [org.eclipse.osgi_3.10.2.v20150203-1939.jar:na]
	at org.eclipse.osgi.internal.loader.classpath.ClasspathManager.findLocalClass(ClasspathManager.java:531) [org.eclipse.osgi_3.10.2.v20150203-1939.jar:na]
	at org.eclipse.osgi.internal.loader.ModuleClassLoader.findLocalClass(ModuleClassLoader.java:324) [org.eclipse.osgi_3.10.2.v20150203-1939.jar:na]
	at org.eclipse.osgi.internal.loader.BundleLoader.findLocalClass(BundleLoader.java:320) [org.eclipse.osgi_3.10.2.v20150203-1939.jar:na]
	at org.eclipse.osgi.internal.loader.BundleLoader.findClassInternal(BundleLoader.java:395) [org.eclipse.osgi_3.10.2.v20150203-1939.jar:na]
	at org.eclipse.osgi.internal.loader.BundleLoader.findClass(BundleLoader.java:345) [org.eclipse.osgi_3.10.2.v20150203-1939.jar:na]
	at org.eclipse.osgi.internal.loader.BundleLoader.findClass(BundleLoader.java:337) [org.eclipse.osgi_3.10.2.v20150203-1939.jar:na]
	at org.eclipse.osgi.internal.loader.ModuleClassLoader.loadClass(ModuleClassLoader.java:160) [org.eclipse.osgi_3.10.2.v20150203-1939.jar:na]
	at java.lang.ClassLoader.loadClass(Unknown Source) [na:1.8.0_71]
	at org.eclipse.osgi.internal.framework.EquinoxBundle.loadClass(EquinoxBundle.java:568) [org.eclipse.osgi_3.10.2.v20150203-1939.jar:na]
	at org.eclipse.core.internal.registry.osgi.RegistryStrategyOSGI.createExecutableExtension(RegistryStrategyOSGI.java:174) [org.eclipse.equinox.registry_3.5.400.v20140428-1507.jar:na]
	at org.eclipse.core.internal.registry.ExtensionRegistry.createExecutableExtension(ExtensionRegistry.java:905) [org.eclipse.equinox.registry_3.5.400.v20140428-1507.jar:na]
	at org.eclipse.core.internal.registry.ConfigurationElement.createExecutableExtension(ConfigurationElement.java:243) [org.eclipse.equinox.registry_3.5.400.v20140428-1507.jar:na]
	at org.eclipse.core.internal.registry.ConfigurationElementHandle.createExecutableExtension(ConfigurationElementHandle.java:55) [org.eclipse.equinox.registry_3.5.400.v20140428-1507.jar:na]
	at org.eclipse.ui.internal.WorkbenchPlugin$1.run(WorkbenchPlugin.java:294) [org.eclipse.ui.workbench_3.106.2.v20150204-1030.jar:na]
	at org.eclipse.swt.custom.BusyIndicator.showWhile(BusyIndicator.java:52) [org.eclipse.swt.win32.win32.x86_64_3.103.2.v20150203-1351.jar:na]
	at org.eclipse.ui.internal.WorkbenchPlugin.createExtension(WorkbenchPlugin.java:289) [org.eclipse.ui.workbench_3.106.2.v20150204-1030.jar:na]
	at org.eclipse.ui.internal.EarlyStartupRunnable.getExecutableExtension(EarlyStartupRunnable.java:119) [org.eclipse.ui.workbench_3.106.2.v20150204-1030.jar:na]
	at org.eclipse.ui.internal.EarlyStartupRunnable.run(EarlyStartupRunnable.java:67) [org.eclipse.ui.workbench_3.106.2.v20150204-1030.jar:na]
	at org.eclipse.core.runtime.SafeRunner.run(SafeRunner.java:42) [org.eclipse.equinox.common_3.6.200.v20130402-1505.jar:na]
	at org.eclipse.ui.internal.Workbench$56.run(Workbench.java:2755) [org.eclipse.ui.workbench_3.106.2.v20150204-1030.jar:na]
	at org.eclipse.core.internal.jobs.Worker.run(Worker.java:54) [org.eclipse.core.jobs_3.6.1.v20141014-1248.jar:na]
